<?xml version="1.0" ?>
<databases>
  <database name="postgres">
    <columns>
      <column>connections</column>
      <column>commits</column>
      <column>rollbacks</column>
      <column>blocks_fetched</column>
      <column>blocks_hit</column>
      <column>tuples_returned</column>
      <column>tuples_fetched</column>
      <column>tuples_inserted</column>
      <column>tuples_updated</column>
      <column>tuples_deleted</column>
      <column>deadlocks</column>
    </columns>
    <row>(1, 11173, 65, 11744073, 10639318, 33910547, 130205, 40004003, 97, 396, 0)</row>
    <row>(0, 2581, 16, 11851686, 10376734, 41038722, 38563, 50004693, 414, 15, 0)</row>
    <row>(0, 9516, 0, 402756, 400992, 3845733, 90321, 16227, 743, 34, 0)</row>
    <row>(0, 0, 0, 0, 0, 0, 0, 0, 0, 0, 0)</row>
    <row>(0, 2310, 8, 1163983, 151786, 31012319, 30716, 30003535, 6, 0, 0)</row>
  </database>
  <database name="testdb">
    <columns>
      <column>connections</column>
      <column>commits</column>
      <column>rollbacks</column>
      <column>blocks_fetched</column>
      <column>blocks_hit</column>
      <column>tuples_returned</column>
      <column>tuples_fetched</column>
      <column>tuples_inserted</column>
      <column>tuples_updated</column>
      <column>tuples_deleted</column>
      <column>deadlocks</column>
    </columns>
    <row>(0, 11174, 65, 11744197, 10639442, 33910587, 130245, 40004003, 97, 396, 0)</row>
    <row>(1, 2582, 16, 11851717, 10376765, 41038737, 38577, 50004693, 414, 15, 0)</row>
    <row>(0, 9516, 0, 402756, 400992, 3845733, 90321, 16227, 743, 34, 0)</row>
    <row>(0, 0, 0, 0, 0, 0, 0, 0, 0, 0, 0)</row>
    <row>(0, 2310, 8, 1163983, 151786, 31012319, 30716, 30003535, 6, 0, 0)</row>
  </database>
  <database name="foodb">
    <columns>
      <column>connections</column>
      <column>commits</column>
      <column>rollbacks</column>
      <column>blocks_fetched</column>
      <column>blocks_hit</column>
      <column>tuples_returned</column>
      <column>tuples_fetched</column>
      <column>tuples_inserted</column>
      <column>tuples_updated</column>
      <column>tuples_deleted</column>
      <column>deadlocks</column>
    </columns>
    <row>(0, 11174, 65, 11744197, 10639442, 33910587, 130245, 40004003, 97, 396, 0)</row>
    <row>(0, 2583, 16, 11851841, 10376889, 41038777, 38617, 50004693, 414, 15, 0)</row>
    <row>(0, 9516, 0, 402756, 400992, 3845733, 90321, 16227, 743, 34, 0)</row>
    <row>(0, 0, 0, 0, 0, 0, 0, 0, 0, 0, 0)</row>
    <row>(1, 2311, 8, 1164014, 151817, 31012334, 30730, 30003535, 6, 0, 0)</row>
  </database>
</databases>
